<?xml version="1.0" encoding="UTF-8"?>
<!-- Generated by org.testng.reporters.JUnitReportReporter -->
<testsuite skipped="0" hostname="ASUS-ROG" name="Tests" tests="31" failures="0" timestamp="2020-11-19T17:35:43 MSK" time="0.228" errors="0">
  <testcase name="DifferenceOfTwoValuesTest" time="0.000" classname="Tests"/>
  <system-out/>
  <testcase name="MultiplyTwoValuesTest" time="0.000" classname="Tests"/>
  <system-out/>
  <testcase name="SumOfTwoValuesTest" time="0.000" classname="Tests"/>
  <system-out/>
  <testcase name="CtanValueTest" time="0.000" classname="Tests"/>
  <system-out/>
  <testcase name="SumOfTwoValuesTest" time="0.001" classname="Tests"/>
  <system-out/>
  <testcase name="ModuloOfTwoValuesTest" time="0.000" classname="Tests"/>
  <system-out/>
  <testcase name="РЎosValueTest" time="0.000" classname="Tests"/>
  <system-out/>
  <testcase name="DivisionOfTwoPositiveValuesTest" time="0.001" classname="Tests"/>
  <system-out/>
  <testcase name="CtanValueTest" time="0.222" classname="Tests"/>
  <system-out/>
  <testcase name="DifferenceOfTwoValuesTest" time="0.000" classname="Tests"/>
  <system-out/>
  <testcase name="TanValueTest" time="0.000" classname="Tests"/>
  <system-out/>
  <testcase name="DivisionOfTwoPositiveValuesTest" time="0.000" classname="Tests"/>
  <system-out/>
  <testcase name="MultiplyTwoValuesTest" time="0.000" classname="Tests"/>
  <system-out/>
  <testcase name="SquaringOfNegativeValueTest" time="0.000" classname="Tests"/>
  <system-out/>
  <testcase name="DivisionOfTwoPositiveValuesTest" time="0.000" classname="Tests"/>
  <system-out/>
  <testcase name="DivisionOfTwoPositiveValuesTest" time="0.000" classname="Tests"/>
  <system-out/>
  <testcase name="DifferenceOfTwoValuesTest" time="0.000" classname="Tests"/>
  <system-out/>
  <testcase name="DifferenceOfTwoValuesTest" time="0.000" classname="Tests"/>
  <system-out/>
  <testcase name="MultiplyTwoValuesTest" time="0.000" classname="Tests"/>
  <system-out/>
  <testcase name="SumOfTwoValuesTest" time="0.000" classname="Tests"/>
  <system-out/>
  <testcase name="TanValueTest" time="0.000" classname="Tests"/>
  <system-out/>
  <testcase name="DivideByZeroTest" time="0.000" classname="Tests"/>
  <system-out/>
  <testcase name="SinValueTest" time="0.000" classname="Tests"/>
  <system-out/>
  <testcase name="MultiplyTwoValuesTest" time="0.001" classname="Tests"/>
  <system-out/>
  <testcase name="MultiplyTwoValuesTest" time="0.000" classname="Tests"/>
  <system-out/>
  <testcase name="DifferenceOfTwoValuesTest" time="0.001" classname="Tests"/>
  <system-out/>
  <testcase name="РЎosValueTest" time="0.001" classname="Tests"/>
  <system-out/>
  <testcase name="DivisionOfTwoPositiveValuesTest" time="0.000" classname="Tests"/>
  <system-out/>
  <testcase name="SumOfTwoValuesTest" time="0.001" classname="Tests"/>
  <system-out/>
  <testcase name="SinValueTest" time="0.000" classname="Tests"/>
  <system-out/>
  <testcase name="SumOfTwoValuesTest" time="0.000" classname="Tests"/>
  <system-out/>
</testsuite> <!-- Tests -->
