<?xml version="1.0" encoding="UTF-8"?>
<!-- Generated by org.testng.reporters.JUnitReportReporter -->
<testsuite skipped="0" hostname="ASUS-ROG" name="AirportTest" tests="6" failures="0" timestamp="2020-11-17T21:59:47 MSK" time="0.018" errors="0">
  <testcase name="airportHasAtLeastOneFighterMilitaryPlanesTest" time="0.001" classname="AirportTest"/>
  <testcase name="CorrectSortedPlanesByMaxLoadCapacityTest" time="0.000" classname="AirportTest"/>
  <testcase name="airportHasAtLeastOneBomberMilitaryPlanesTest" time="0.002" classname="AirportTest"/>
  <testcase name="CorrectSortedPlanesByMaxFlightDistanceTest" time="0.012" classname="AirportTest"/>
  <testcase name="airportHasAtLeastOneTransportMilitaryPlanesTest" time="0.001" classname="AirportTest"/>
  <testcase name="getPassengerPlaneWithMaxCapacityTest" time="0.002" classname="AirportTest"/>
</testsuite> <!-- AirportTest -->
